Using pre-set license
Built from '2021.3/staging' branch; Version is '2021.3.11f1 (0a5ca18544bf) revision 679073'; Using compiler version '192829333'; Build Type 'Release'
OS: 'Windows 10  (10.0.19044) 64bit Professional' Language: 'ru' Physical Memory: 16320 MB
BatchMode: 1, IsHumanControllingUs: 0, StartBugReporterOnCrash: 0, Is64bit: 1, IsPro: 1

COMMAND LINE ARGUMENTS:
D:\unity\2021.3.11f1\Editor\Unity.exe
-adb2
-batchMode
-noUpm
-name
AssetImportWorker3
-projectPath
D:/unity/Projects/TPS-
-logFile
Logs/AssetImportWorker3.log
-srvPort
50039
Successfully changed project path to: D:/unity/Projects/TPS-
D:/unity/Projects/TPS-
[UnityMemory] Configuration Parameters - Can be set up in boot.config
    "memorysetup-bucket-allocator-granularity=16"
    "memorysetup-bucket-allocator-bucket-count=8"
    "memorysetup-bucket-allocator-block-size=33554432"
    "memorysetup-bucket-allocator-block-count=8"
    "memorysetup-main-allocator-block-size=16777216"
    "memorysetup-thread-allocator-block-size=16777216"
    "memorysetup-gfx-main-allocator-block-size=16777216"
    "memorysetup-gfx-thread-allocator-block-size=16777216"
    "memorysetup-cache-allocator-block-size=4194304"
    "memorysetup-typetree-allocator-block-size=2097152"
    "memorysetup-profiler-bucket-allocator-granularity=16"
    "memorysetup-profiler-bucket-allocator-bucket-count=8"
    "memorysetup-profiler-bucket-allocator-block-size=33554432"
    "memorysetup-profiler-bucket-allocator-block-count=8"
    "memorysetup-profiler-allocator-block-size=16777216"
    "memorysetup-profiler-editor-allocator-block-size=1048576"
    "memorysetup-temp-allocator-size-main=16777216"
    "memorysetup-job-temp-allocator-block-size=2097152"
    "memorysetup-job-temp-allocator-block-size-background=1048576"
    "memorysetup-job-temp-allocator-reduction-small-platforms=262144"
    "memorysetup-temp-allocator-size-background-worker=32768"
    "memorysetup-temp-allocator-size-job-worker=262144"
    "memorysetup-temp-allocator-size-preload-manager=33554432"
    "memorysetup-temp-allocator-size-nav-mesh-worker=65536"
    "memorysetup-temp-allocator-size-audio-worker=65536"
    "memorysetup-temp-allocator-size-cloud-worker=32768"
    "memorysetup-temp-allocator-size-gi-baking-worker=262144"
    "memorysetup-temp-allocator-size-gfx=262144"
Refreshing native plugins compatible for Editor in 98.38 ms, found 3 plugins.
Preloading 0 native plugins for Editor in 0.00 ms.
Initialize engine version: 2021.3.11f1 (0a5ca18544bf)
[Subsystems] Discovering subsystems at path D:/unity/2021.3.11f1/Editor/Data/Resources/UnitySubsystems
[Subsystems] Discovering subsystems at path D:/unity/Projects/TPS-/Assets
GfxDevice: creating device client; threaded=0; jobified=0
Direct3D:
    Version:  Direct3D 11.0 [level 11.1]
    Renderer: Radeon (TM) RX 480 Graphics (ID=0x67df)
    Vendor:   ATI
    VRAM:     4074 MB
    Driver:   30.0.15021.11005
Initialize mono
Mono path[0] = 'D:/unity/2021.3.11f1/Editor/Data/Managed'
Mono path[1] = 'D:/unity/2021.3.11f1/Editor/Data/MonoBleedingEdge/lib/mono/unityjit-win32'
Mono config path = 'D:/unity/2021.3.11f1/Editor/Data/MonoBleedingEdge/etc'
Using monoOptions --debugger-agent=transport=dt_socket,embedding=1,server=y,suspend=n,address=127.0.0.1:56792
Begin MonoManager ReloadAssembly
Registering precompiled unity dll's ...
Register platform support module: D:/unity/2021.3.11f1/Editor/Data/PlaybackEngines/WebGLSupport/UnityEditor.WebGL.Extensions.dll
Register platform support module: D:/unity/2021.3.11f1/Editor/Data/PlaybackEngines/AndroidPlayer/UnityEditor.Android.Extensions.dll
Register platform support module: D:/unity/2021.3.11f1/Editor/Data/PlaybackEngines/WindowsStandaloneSupport/UnityEditor.WindowsStandalone.Extensions.dll
Registered in 0.003305 seconds.
Native extension for WindowsStandalone target not found
Native extension for Android target not found
Native extension for WebGL target not found
Refreshing native plugins compatible for Editor in 102.19 ms, found 3 plugins.
Preloading 0 native plugins for Editor in 0.00 ms.
Mono: successfully reloaded assembly
- Completed reload, in  0.726 seconds
Domain Reload Profiling:
	ReloadAssembly (726ms)
		BeginReloadAssembly (73ms)
			ExecutionOrderSort (0ms)
			DisableScriptedObjects (0ms)
			BackupInstance (0ms)
			ReleaseScriptingObjects (0ms)
			CreateAndSetChildDomain (1ms)
		EndReloadAssembly (542ms)
			LoadAssemblies (72ms)
			RebuildTransferFunctionScriptingTraits (0ms)
			SetupTypeCache (114ms)
			ReleaseScriptCaches (0ms)
			RebuildScriptCaches (35ms)
			SetupLoadedEditorAssemblies (338ms)
				LogAssemblyErrors (0ms)
				InitializePlatformSupportModulesInManaged (63ms)
				SetLoadedEditorAssemblies (0ms)
				RefreshPlugins (102ms)
				BeforeProcessingInitializeOnLoad (2ms)
				ProcessInitializeOnLoadAttributes (119ms)
				ProcessInitializeOnLoadMethodAttributes (52ms)
				AfterProcessingInitializeOnLoad (0ms)
				EditorAssembliesLoaded (0ms)
			ExecutionOrderSort2 (0ms)
			AwakeInstancesAfterBackupRestoration (0ms)
Platform modules already initialized, skipping
Registering precompiled user dll's ...
Registered in 0.005932 seconds.
Begin MonoManager ReloadAssembly
Symbol file LoadedFromMemory doesn't match image D:\unity\Projects\TPS-\Library\PackageCache\com.unity.visualscripting@1.7.8\Editor\VisualScripting.Core\Dependencies\YamlDotNet\Unity.VisualScripting.YamlDotNet.dll
Symbol file LoadedFromMemory doesn't match image D:\unity\Projects\TPS-\Library\PackageCache\com.unity.visualscripting@1.7.8\Editor\VisualScripting.Core\Dependencies\DotNetZip\Unity.VisualScripting.IonicZip.dll
Native extension for WindowsStandalone target not found
Native extension for Android target not found
Native extension for WebGL target not found
Refreshing native plugins compatible for Editor in 0.72 ms, found 3 plugins.
Preloading 0 native plugins for Editor in 0.00 ms.
Mono: successfully reloaded assembly
- Completed reload, in  1.267 seconds
Domain Reload Profiling:
	ReloadAssembly (1268ms)
		BeginReloadAssembly (218ms)
			ExecutionOrderSort (0ms)
			DisableScriptedObjects (8ms)
			BackupInstance (0ms)
			ReleaseScriptingObjects (0ms)
			CreateAndSetChildDomain (121ms)
		EndReloadAssembly (928ms)
			LoadAssemblies (80ms)
			RebuildTransferFunctionScriptingTraits (0ms)
			SetupTypeCache (264ms)
			ReleaseScriptCaches (1ms)
			RebuildScriptCaches (71ms)
			SetupLoadedEditorAssemblies (465ms)
				LogAssemblyErrors (0ms)
				InitializePlatformSupportModulesInManaged (16ms)
				SetLoadedEditorAssemblies (1ms)
				RefreshPlugins (1ms)
				BeforeProcessingInitializeOnLoad (103ms)
				ProcessInitializeOnLoadAttributes (309ms)
				ProcessInitializeOnLoadMethodAttributes (32ms)
				AfterProcessingInitializeOnLoad (3ms)
				EditorAssembliesLoaded (0ms)
			ExecutionOrderSort2 (0ms)
			AwakeInstancesAfterBackupRestoration (6ms)
Platform modules already initialized, skipping
========================================================================
Worker process is ready to serve import requests
Launched and connected shader compiler UnityShaderCompiler.exe after 0.03 seconds
Refreshing native plugins compatible for Editor in 0.72 ms, found 3 plugins.
Preloading 0 native plugins for Editor in 0.00 ms.
Unloading 3866 Unused Serialized files (Serialized files now loaded: 0)
Unloading 43 unused Assets / (158.6 KB). Loaded Objects now: 4324.
Memory consumption went from 146.1 MB to 146.0 MB.
Total: 3.670900 ms (FindLiveObjects: 0.365900 ms CreateObjectMapping: 0.100200 ms MarkObjects: 3.079600 ms  DeleteObjects: 0.124200 ms)

AssetImportParameters requested are different than current active one (requested -> active):
  custom:video-decoder-ogg-theora: a1e56fd34408186e4bbccfd4996cb3dc -> 
  custom:container-muxer-webm: aa71ff27fc2769a1b78a27578f13a17b -> 
  custom:container-demuxer-webm: 4f35f7cbe854078d1ac9338744f61a02 -> 
  custom:video-encoder-webm-vp8: eb34c28f22e8b96e1ab97ce403110664 -> 
  custom:audio-encoder-webm-vorbis: bf7c407c2cedff20999df2af8eb42d56 -> 
  custom:framework-win-MediaFoundation: 216162199b28c13a410421893ffa2e32 -> 
  custom:container-demuxer-ogg: 62fdf1f143b41e24485cea50d1cbac27 -> 
  custom:video-decoder-webm-vp8: 9c59270c3fd7afecdb556c50c9e8de78 -> 
  custom:audio-decoder-ogg-vorbis: bf7c407c2cedff20999df2af8eb42d56 -> 
========================================================================
Received Import Request.
  Time since last request: 15770.126944 seconds.
  path: Assets/Weapons/GunShotAudio/Shotgun1Sounds/ShotgunShot.wav
  artifactKey: Guid(eee1d14e000e5b54cbaf878498656046) Importer(815301076,1909f56bfc062723c751e8b465ee728b)
Start importing Assets/Weapons/GunShotAudio/Shotgun1Sounds/ShotgunShot.wav using Guid(eee1d14e000e5b54cbaf878498656046) Importer(815301076,1909f56bfc062723c751e8b465ee728b)  -> (artifact id: 'fb4a07ca8f2486367eb8d389810a7a20') in 0.117555 seconds 
========================================================================
Received Import Request.
  Time since last request: 9.859823 seconds.
  path: Assets/Weapons/GunShotAudio/Shotgun2Sounds/shotgun2slideback.wav
  artifactKey: Guid(15e3babf62d020f4eb4b67052fe69631) Importer(815301076,1909f56bfc062723c751e8b465ee728b)
Start importing Assets/Weapons/GunShotAudio/Shotgun2Sounds/shotgun2slideback.wav using Guid(15e3babf62d020f4eb4b67052fe69631) Importer(815301076,1909f56bfc062723c751e8b465ee728b)  -> (artifact id: '4b1a4487124bc50fe300c618ab74c818') in 0.008717 seconds 
========================================================================
Received Import Request.
  Time since last request: 13.510777 seconds.
  path: Assets/Weapons/GunShotAudio/SMG1Sound/SMG1SlideBack.mp3
  artifactKey: Guid(a0d1d353228f67d4cb6b9434dc3a6bd7) Importer(815301076,1909f56bfc062723c751e8b465ee728b)
Start importing Assets/Weapons/GunShotAudio/SMG1Sound/SMG1SlideBack.mp3 using Guid(a0d1d353228f67d4cb6b9434dc3a6bd7) Importer(815301076,1909f56bfc062723c751e8b465ee728b)  -> (artifact id: 'b5f9d6f7a073f884ac28bbebae19f25a') in 0.010915 seconds 
========================================================================
Received Import Request.
  Time since last request: 29.083997 seconds.
  path: Assets/Weapons/M4 Scoped Assault Rifle/Prefabs/VFX_M4 Muzzle Flash.prefab
  artifactKey: Guid(4543ab5e3d405ec40a8d4e9aa5165030) Importer(815301076,1909f56bfc062723c751e8b465ee728b)
Start importing Assets/Weapons/M4 Scoped Assault Rifle/Prefabs/VFX_M4 Muzzle Flash.prefab using Guid(4543ab5e3d405ec40a8d4e9aa5165030) Importer(815301076,1909f56bfc062723c751e8b465ee728b)  -> (artifact id: 'cfa702f33537976214029aeee1cf45d0') in 0.102317 seconds 
========================================================================
Received Import Request.
  Time since last request: 46.713410 seconds.
  path: Assets/Weapons/M4 Scoped Assault Rifle/Textures/GlowOrb.png
  artifactKey: Guid(5825d4f09664ef046a9ad222090ba1e2) Importer(815301076,1909f56bfc062723c751e8b465ee728b)
Start importing Assets/Weapons/M4 Scoped Assault Rifle/Textures/GlowOrb.png using Guid(5825d4f09664ef046a9ad222090ba1e2) Importer(815301076,1909f56bfc062723c751e8b465ee728b)  -> (artifact id: '749a5c2e39f994bf221876bcf7577f05') in 0.021606 seconds 
========================================================================
Received Import Request.
  Time since last request: 0.000020 seconds.
  path: Assets/Weapons/M4 Scoped Assault Rifle/Textures/rifle_scope_dif.png
  artifactKey: Guid(65bf2334c52f82543a97d6fe7ec6d538) Importer(815301076,1909f56bfc062723c751e8b465ee728b)
Start importing Assets/Weapons/M4 Scoped Assault Rifle/Textures/rifle_scope_dif.png using Guid(65bf2334c52f82543a97d6fe7ec6d538) Importer(815301076,1909f56bfc062723c751e8b465ee728b)  -> (artifact id: '4ae5677cc858055963dce51a30e165a7') in 0.013752 seconds 
========================================================================
Received Import Request.
  Time since last request: 0.000033 seconds.
  path: Assets/Weapons/M4 Scoped Assault Rifle/Textures/rifle_dif_01e.png
  artifactKey: Guid(74494a69d1b277e4bbdb8da04bd4a0a1) Importer(815301076,1909f56bfc062723c751e8b465ee728b)
Start importing Assets/Weapons/M4 Scoped Assault Rifle/Textures/rifle_dif_01e.png using Guid(74494a69d1b277e4bbdb8da04bd4a0a1) Importer(815301076,1909f56bfc062723c751e8b465ee728b)  -> (artifact id: 'a62a5114fbadcb15ffe6f02c6cac1610') in 0.008852 seconds 
========================================================================
Received Import Request.
  Time since last request: 6.066214 seconds.
  path: Assets/Weapons/M4 Scoped Assault Rifle/Materials/FlashMuzzleAlpha.mat
  artifactKey: Guid(9eec51368aadd5f4cacce5ec4d6d9fc2) Importer(815301076,1909f56bfc062723c751e8b465ee728b)
Start importing Assets/Weapons/M4 Scoped Assault Rifle/Materials/FlashMuzzleAlpha.mat using Guid(9eec51368aadd5f4cacce5ec4d6d9fc2) Importer(815301076,1909f56bfc062723c751e8b465ee728b)  -> (artifact id: '3412b2ab86e8f1c6f8bd65749aecd94c') in 0.026854 seconds 
========================================================================
Received Import Request.
  Time since last request: 0.000026 seconds.
  path: Assets/Weapons/M4 Scoped Assault Rifle/Materials/GlowDotAlpha.mat
  artifactKey: Guid(f0aa70efc36b60d41a3d11050713ff5d) Importer(815301076,1909f56bfc062723c751e8b465ee728b)
Start importing Assets/Weapons/M4 Scoped Assault Rifle/Materials/GlowDotAlpha.mat using Guid(f0aa70efc36b60d41a3d11050713ff5d) Importer(815301076,1909f56bfc062723c751e8b465ee728b)  -> (artifact id: '49bf24a78a82259c0597444a6cb068f5') in 0.009222 seconds 
========================================================================
Received Import Request.
  Time since last request: 0.000040 seconds.
  path: Assets/Weapons/M4 Scoped Assault Rifle/Materials/MuzzleSniperAlpha.mat
  artifactKey: Guid(de0290f0b61d4a64c86f96463e1f4069) Importer(815301076,1909f56bfc062723c751e8b465ee728b)
Start importing Assets/Weapons/M4 Scoped Assault Rifle/Materials/MuzzleSniperAlpha.mat using Guid(de0290f0b61d4a64c86f96463e1f4069) Importer(815301076,1909f56bfc062723c751e8b465ee728b)  -> (artifact id: '9bfc6ce531e3edb8f563418a1311b834') in 0.009234 seconds 
Editor requested this worker to shutdown with reason: Scaling down because of idle timeout
AssetImportWorker is now disconnected from the server
Process exiting
Exiting without the bug reporter. Application will terminate with return code 0